[+] Containers:
 |- [+] Container: /Game/ThirdPerson/Maps/ThirdPersonMap
 |   |- [+] ActorDescs:
 |   |   |- Guid:0D66711449F481800D445FA4DFE0BFE9 BaseClass: NativeClass:/Script/Engine.StaticMeshActor Name:StaticMeshActor_UAID_A4BB6D4C2A1D962A02_1569704253 Label:rock_boulder_a2 SpatiallyLoaded:1 Bounds:IsValid=true, Min=(X=143.490 Y=-1192.687 Z=474.161), Max=(X=6539.991 Y=5414.474 Z=6968.443) RuntimeGrid:None EditorOnly:0 RuntimeOnly:0 HLODRelevant:1 ListedInSceneOutliner:1 IsMainWorldOnly:0
 |   |   |- Guid:0FAA07814EBCC7A2531A97BF0E2C2D78 BaseClass: NativeClass:/Script/Foliage.InstancedFoliageActor Name:InstancedFoliageActor_25600_-1_-1_0 Label:InstancedFoliageActor_-1_-1_0 SpatiallyLoaded:1 Bounds:(Editor:IsValid=true, Min=(X=-25600.000 Y=-25600.000 Z=0.000), Max=(X=0.000 Y=0.000 Z=25600.000) Runtime:IsValid=true, Min=(X=-12735.612 Y=-12819.690 Z=-590.376), Max=(X=538.872 Y=922.692 Z=2258.418)) RuntimeGrid:None EditorOnly:0 RuntimeOnly:0 HLODRelevant:1 ListedInSceneOutliner:1 IsMainWorldOnly:0
 |   |   |- Guid:150F2ED846439CBF0CD43E9CB0486F1A BaseClass: NativeClass:/Script/Landscape.LandscapeStreamingProxy Name:LandscapeStreamingProxy_23TH76RZTS2N02EQB1LREWK7Z_126_1_0_0 Label:LandscapeStreamingProxy_1_0_0 SpatiallyLoaded:1 Bounds:IsValid=true, Min=(X=0.000 Y=-12600.000 Z=310.938), Max=(X=12600.000 Y=0.000 Z=8324.219) RuntimeGrid:None EditorOnly:0 RuntimeOnly:0 HLODRelevant:1 ListedInSceneOutliner:1 IsMainWorldOnly:0
 |   |   |- Guid:1538A3D44660DAF50571E3BDE045AE70 BaseClass: NativeClass:/Script/Foliage.InstancedFoliageActor Name:InstancedFoliageActor_25600_-1_0_-1 Label:InstancedFoliageActor_-1_0_-1 SpatiallyLoaded:1 Bounds:(Editor:IsValid=true, Min=(X=-25600.000 Y=0.000 Z=-25600.000), Max=(X=0.000 Y=25600.000 Z=0.000) Runtime:IsValid=true, Min=(X=-7954.580 Y=-162.266 Z=-848.719), Max=(X=-1039.605 Y=12743.875 Z=1255.139)) RuntimeGrid:None EditorOnly:0 RuntimeOnly:0 HLODRelevant:1 ListedInSceneOutliner:1 IsMainWorldOnly:0
 |   |   |- Guid:1FBD086D459A90582509F6B1C623E6C8 BaseClass: NativeClass:/Script/Foliage.InstancedFoliageActor Name:InstancedFoliageActor_25600_0_-1_0 Label:InstancedFoliageActor_0_-1_0 SpatiallyLoaded:1 Bounds:(Editor:IsValid=true, Min=(X=0.000 Y=-25600.000 Z=0.000), Max=(X=25600.000 Y=0.000 Z=25600.000) Runtime:IsValid=true, Min=(X=-882.913 Y=-12779.700 Z=365.050), Max=(X=12522.649 Y=251.487 Z=8293.122)) RuntimeGrid:None EditorOnly:0 RuntimeOnly:0 HLODRelevant:1 ListedInSceneOutliner:1 IsMainWorldOnly:0
 |   |   |- Guid:2FB58999456391D349DC0F86DAC136ED BaseClass: NativeClass:/Script/Engine.SkyLight Name:SkyLight_1 Label:SkyLight SpatiallyLoaded:0 Bounds:IsValid=true, Min=(X=0.000 Y=0.000 Z=690.000), Max=(X=0.000 Y=0.000 Z=690.000) RuntimeGrid:None EditorOnly:0 RuntimeOnly:0 HLODRelevant:0 ListedInSceneOutliner:1 IsMainWorldOnly:0 FolderPath:Lighting FolderGuid:963EC3EB4002CCE9759E2EBA541A873A
 |   |   |- Guid:316CF2A6494ACA4C0E4180A87D36AB8F BaseClass: NativeClass:/Script/Engine.ExponentialHeightFog Name:ExponentialHeightFog_0 Label:ExponentialHeightFog SpatiallyLoaded:0 Bounds:IsValid=true, Min=(X=-5600.000 Y=-50.000 Z=-6850.000), Max=(X=-5600.000 Y=-50.000 Z=-6850.000) RuntimeGrid:None EditorOnly:0 RuntimeOnly:0 HLODRelevant:0 ListedInSceneOutliner:1 IsMainWorldOnly:0 FolderPath:Lighting FolderGuid:963EC3EB4002CCE9759E2EBA541A873A
 |   |   |- Guid:3A00AA1C422CE54C0BDB60BAF471BFBB BaseClass: NativeClass:/Script/Engine.PlayerStart Name:PlayerStart_0 Label:PlayerStart SpatiallyLoaded:0 Bounds:IsValid=true, Min=(X=860.000 Y=1070.000 Z=0.013), Max=(X=940.000 Y=1150.000 Z=184.013) RuntimeGrid:None EditorOnly:0 RuntimeOnly:0 HLODRelevant:0 ListedInSceneOutliner:1 IsMainWorldOnly:0
 |   |   |- Guid:4D3BE93F4146AAAC8BBE79999D96D57F BaseClass: NativeClass:/Script/Engine.VolumetricCloud Name:VolumetricCloud_0 Label:VolumetricCloud SpatiallyLoaded:0 Bounds:IsValid=true, Min=(X=0.000 Y=0.000 Z=820.000), Max=(X=0.000 Y=0.000 Z=820.000) RuntimeGrid:None EditorOnly:0 RuntimeOnly:0 HLODRelevant:0 ListedInSceneOutliner:1 IsMainWorldOnly:0 FolderPath:Lighting FolderGuid:963EC3EB4002CCE9759E2EBA541A873A
 |   |   |- Guid:6BAF4DDD444C60371492D3919DB42C97 BaseClass: NativeClass:/Script/Engine.WorldDataLayers Name:WorldDataLayers Label:WorldDataLayers SpatiallyLoaded:0 Bounds:IsValid=true, Min=(X=0.000 Y=0.000 Z=0.000), Max=(X=0.000 Y=0.000 Z=0.000) RuntimeGrid:None EditorOnly:0 RuntimeOnly:0 HLODRelevant:0 ListedInSceneOutliner:1 IsMainWorldOnly:1
 |   |   |- Guid:6E190B9A46D528765971228093AB7B6D BaseClass: NativeClass:/Script/Landscape.LandscapeStreamingProxy Name:LandscapeStreamingProxy_23TH76RZTS2N02EQB1LREWK7Z_126_0_0_0 Label:LandscapeStreamingProxy_0_0_0 SpatiallyLoaded:1 Bounds:IsValid=true, Min=(X=-12600.000 Y=-12600.000 Z=-1535.156), Max=(X=0.000 Y=0.000 Z=1776.562) RuntimeGrid:None EditorOnly:0 RuntimeOnly:0 HLODRelevant:1 ListedInSceneOutliner:1 IsMainWorldOnly:0
 |   |   |- Guid:78308A2040804959E0EA9A9E162D98E4 BaseClass: NativeClass:/Script/Engine.StaticMeshActor Name:StaticMeshActor_UAID_A4BB6D4C2A1D962A02_1513707251 Label:rock_boulder_b3 SpatiallyLoaded:1 Bounds:IsValid=true, Min=(X=1364.225 Y=1117.642 Z=757.188), Max=(X=1630.220 Y=1340.286 Z=973.299) RuntimeGrid:None EditorOnly:0 RuntimeOnly:0 HLODRelevant:1 ListedInSceneOutliner:1 IsMainWorldOnly:0
 |   |   |- Guid:8F135FDD4E940A5CD25F9FA8D4BB4282 BaseClass: NativeClass:/Script/Landscape.LandscapeStreamingProxy Name:LandscapeStreamingProxy_23TH76RZTS2N02EQB1LREWK7Z_126_0_1_0 Label:LandscapeStreamingProxy_0_1_0 SpatiallyLoaded:1 Bounds:IsValid=true, Min=(X=-12600.000 Y=0.000 Z=-640.625), Max=(X=0.000 Y=12600.000 Z=3504.688) RuntimeGrid:None EditorOnly:0 RuntimeOnly:0 HLODRelevant:1 ListedInSceneOutliner:1 IsMainWorldOnly:0
 |   |   |- Guid:971B14914B51FDE32BA81EA8B2C79886 BaseClass: NativeClass:/Script/Engine.StaticMeshActor Name:StaticMeshActor_UAID_A4BB6D4C2A1D962A02_1569707254 Label:rock_boulder_b5 SpatiallyLoaded:1 Bounds:IsValid=true, Min=(X=-1355.716 Y=-1278.351 Z=433.589), Max=(X=4895.180 Y=5375.223 Z=6995.397) RuntimeGrid:None EditorOnly:0 RuntimeOnly:0 HLODRelevant:1 ListedInSceneOutliner:1 IsMainWorldOnly:0
 |   |   |- Guid:B758287A43ACBC3AF26984BA3B8E5639 BaseClass: NativeClass:/Script/Foliage.InstancedFoliageActor Name:InstancedFoliageActor_25600_0_0_0 Label:InstancedFoliageActor_0_0_0 SpatiallyLoaded:1 Bounds:(Editor:IsValid=true, Min=(X=0.000 Y=0.000 Z=0.000), Max=(X=25600.000 Y=25600.000 Z=25600.000) Runtime:IsValid=true, Min=(X=-908.565 Y=-766.495 Z=120.578), Max=(X=12096.638 Y=12760.506 Z=9050.077)) RuntimeGrid:None EditorOnly:0 RuntimeOnly:0 HLODRelevant:1 ListedInSceneOutliner:1 IsMainWorldOnly:0
 |   |   |- Guid:B785ED2844B84CFB91E7F39FE661CD99 BaseClass: NativeClass:/Script/Engine.DirectionalLight Name:DirectionalLight_0 Label:DirectionalLight SpatiallyLoaded:0 Bounds:Invalid RuntimeGrid:None EditorOnly:0 RuntimeOnly:0 HLODRelevant:0 ListedInSceneOutliner:1 IsMainWorldOnly:0 FolderPath:Lighting FolderGuid:963EC3EB4002CCE9759E2EBA541A873A
 |   |   |- Guid:C94E03E8486C123F60A9D6B29482412B BaseClass: NativeClass:/Script/Foliage.InstancedFoliageActor Name:InstancedFoliageActor_25600_-1_-1_-1 Label:InstancedFoliageActor_-1_-1_-1 SpatiallyLoaded:1 Bounds:(Editor:IsValid=true, Min=(X=-25600.000 Y=-25600.000 Z=-25600.000), Max=(X=0.000 Y=0.000 Z=0.000) Runtime:IsValid=true, Min=(X=-12756.575 Y=-12612.304 Z=-1592.610), Max=(X=-137.713 Y=796.018 Z=1279.094)) RuntimeGrid:None EditorOnly:0 RuntimeOnly:0 HLODRelevant:1 ListedInSceneOutliner:1 IsMainWorldOnly:0
 |   |   |- Guid:CCFF262C46EEFFDF319E7F9539CE697E BaseClass: NativeClass:/Script/Engine.SkyAtmosphere Name:SkyAtmosphere_0 Label:SkyAtmosphere SpatiallyLoaded:0 Bounds:IsValid=true, Min=(X=0.000 Y=0.000 Z=1020.000), Max=(X=0.000 Y=0.000 Z=1020.000) RuntimeGrid:None EditorOnly:0 RuntimeOnly:0 HLODRelevant:0 ListedInSceneOutliner:1 IsMainWorldOnly:0 FolderPath:Lighting FolderGuid:963EC3EB4002CCE9759E2EBA541A873A
 |   |   |- Guid:D0C7B6224DF25C1A4A5F10B9AD471732 BaseClass: NativeClass:/Script/Landscape.LandscapeStreamingProxy Name:LandscapeStreamingProxy_23TH76RZTS2N02EQB1LREWK7Z_126_1_1_0 Label:LandscapeStreamingProxy_1_1_0 SpatiallyLoaded:1 Bounds:IsValid=true, Min=(X=0.000 Y=0.000 Z=192.969), Max=(X=12600.000 Y=12600.000 Z=8989.844) RuntimeGrid:None EditorOnly:0 RuntimeOnly:0 HLODRelevant:1 ListedInSceneOutliner:1 IsMainWorldOnly:0
 |   |   |- Guid:DC5895D3434F876DBBF919A70691B5AB BaseClass: NativeClass:/Script/Landscape.Landscape Name:Landscape_UAID_A4BB6D4C2A1D942A02_2094903895 Label:Landscape SpatiallyLoaded:0 Bounds:IsValid=true, Min=(X=-12600.000 Y=-12600.000 Z=100.000), Max=(X=-12600.000 Y=-12600.000 Z=100.000) RuntimeGrid:None EditorOnly:0 RuntimeOnly:0 HLODRelevant:0 ListedInSceneOutliner:1 IsMainWorldOnly:0
 |   |   |- Guid:E08833E0453D7F5C74D12BB1F2667DFB BaseClass: NativeClass:/Script/Engine.StaticMeshActor Name:StaticMeshActor_UAID_A4BB6D4C2A1D972A02_1144370433 Label:Cylinder SpatiallyLoaded:1 Bounds:IsValid=true, Min=(X=-458.466 Y=2077.749 Z=377.602), Max=(X=-441.534 Y=2122.251 Z=387.123) RuntimeGrid:None EditorOnly:0 RuntimeOnly:0 HLODRelevant:1 ListedInSceneOutliner:1 IsMainWorldOnly:0
 |   |   |- Guid:E45365B749A0AE0CF9974CBD3D4EAE89 BaseClass: NativeClass:/Script/Engine.StaticMeshActor Name:StaticMeshActor_UAID_A4BB6D4C2A1D962A02_1544495252 Label:rock_boulder_b4 SpatiallyLoaded:1 Bounds:IsValid=true, Min=(X=-1082.314 Y=2406.999 Z=-219.522), Max=(X=1710.639 Y=4744.759 Z=2049.635) RuntimeGrid:None EditorOnly:0 RuntimeOnly:0 HLODRelevant:1 ListedInSceneOutliner:1 IsMainWorldOnly:0
 |   |   |- Guid:E9EC721D492892FC5E375697301D6793 BaseClass: NativeClass:/Script/Engine.StaticMeshActor Name:StaticMeshActor_UAID_A4BB6D4C2A1D962A02_1513698248 Label:rock_boulder_a SpatiallyLoaded:1 Bounds:IsValid=true, Min=(X=1364.191 Y=1120.610 Z=759.691), Max=(X=1636.383 Y=1342.114 Z=973.158) RuntimeGrid:None EditorOnly:0 RuntimeOnly:0 HLODRelevant:1 ListedInSceneOutliner:1 IsMainWorldOnly:0
 |   |   |- Guid:EC4E0C944CE6AC6E784BC6BB2916EA13 BaseClass: NativeClass:/Script/Engine.StaticMeshActor Name:StaticMeshActor_UAID_A4AE111137DC5EFB00_1110535423 Label:SM_SkySphere SpatiallyLoaded:0 Bounds:IsValid=true, Min=(X=-1638400.000 Y=-1638400.000 Z=-1638400.000), Max=(X=1638400.000 Y=1638400.000 Z=1638400.000) RuntimeGrid:None EditorOnly:0 RuntimeOnly:0 HLODRelevant:1 ListedInSceneOutliner:1 IsMainWorldOnly:0 FolderPath:Lighting FolderGuid:963EC3EB4002CCE9759E2EBA541A873A
 |   |   |- Guid:EE5885E940C6931F13E6F8BD539AC00F BaseClass: NativeClass:/Script/Engine.StaticMeshActor Name:StaticMeshActor_UAID_A4BB6D4C2A1D962A02_1569712256 Label:rock_boulder_b7 SpatiallyLoaded:1 Bounds:IsValid=true, Min=(X=144.284 Y=-1278.351 Z=433.589), Max=(X=6395.180 Y=5375.223 Z=6995.397) RuntimeGrid:None EditorOnly:0 RuntimeOnly:0 HLODRelevant:1 ListedInSceneOutliner:1 IsMainWorldOnly:0
 |   |   |- Guid:EF04FEB54C3A7008835ED3ABBE11DD0C BaseClass: NativeClass:/Script/Foliage.InstancedFoliageActor Name:InstancedFoliageActor_25600_-1_0_0 Label:InstancedFoliageActor_-1_0_0 SpatiallyLoaded:1 Bounds:(Editor:IsValid=true, Min=(X=-25600.000 Y=0.000 Z=0.000), Max=(X=0.000 Y=25600.000 Z=25600.000) Runtime:IsValid=true, Min=(X=-12803.472 Y=-958.460 Z=-432.155), Max=(X=577.231 Y=12763.451 Z=3714.650)) RuntimeGrid:None EditorOnly:0 RuntimeOnly:0 HLODRelevant:1 ListedInSceneOutliner:1 IsMainWorldOnly:0
 |   |   |- Guid:EF3FBF264A0F34BFA900C9807410FFB6 BaseClass: NativeClass:/Script/Engine.StaticMeshActor Name:StaticMeshActor_UAID_A4BB6D4C2A1D962A02_1569709255 Label:rock_boulder_b6 SpatiallyLoaded:1 Bounds:IsValid=true, Min=(X=144.284 Y=-1278.351 Z=433.589), Max=(X=6395.180 Y=5375.223 Z=6995.397) RuntimeGrid:None EditorOnly:0 RuntimeOnly:0 HLODRelevant:1 ListedInSceneOutliner:1 IsMainWorldOnly:0
 |   |   |- Guid:F5E3FEB3450C49844FD93DA8E083C8AD BaseClass: NativeClass:/Script/Engine.PostProcessVolume Name:PostProcessVolume_0 Label:PostProcessVolume SpatiallyLoaded:0 Bounds:IsValid=true, Min=(X=0.000 Y=0.000 Z=400.000), Max=(X=200.000 Y=200.000 Z=600.000) RuntimeGrid:None EditorOnly:0 RuntimeOnly:0 HLODRelevant:0 ListedInSceneOutliner:1 IsMainWorldOnly:0 FolderPath:Lighting FolderGuid:963EC3EB4002CCE9759E2EBA541A873A
 |   |   |- Guid:F802673C4BDC9CDEE602618CAF29FA71 BaseClass: NativeClass:/Script/Engine.StaticMeshActor Name:StaticMeshActor_UAID_A4BB6D4C2A1D962A02_1513704250 Label:rock_boulder_b2 SpatiallyLoaded:1 Bounds:IsValid=true, Min=(X=1364.225 Y=1117.642 Z=757.188), Max=(X=1630.220 Y=1340.286 Z=973.299) RuntimeGrid:None EditorOnly:0 RuntimeOnly:0 HLODRelevant:1 ListedInSceneOutliner:1 IsMainWorldOnly:0
 |   |   |- Guid:FB268AF8440786DF841E0090E02522F0 BaseClass: NativeClass:/Script/Engine.StaticMeshActor Name:StaticMeshActor_UAID_A4BB6D4C2A1D962A02_1513702249 Label:rock_boulder_b1 SpatiallyLoaded:1 Bounds:IsValid=true, Min=(X=-820.639 Y=-644.759 Z=-219.522), Max=(X=1972.314 Y=1693.001 Z=2049.635) RuntimeGrid:None EditorOnly:0 RuntimeOnly:0 HLODRelevant:1 ListedInSceneOutliner:1 IsMainWorldOnly:0
 |   |- [+] Clusters:
 |   |   |- [+] [  0]
 |   |   |   |- Guid:0D66711449F481800D445FA4DFE0BFE9 BaseClass: NativeClass:/Script/Engine.StaticMeshActor Name:StaticMeshActor_UAID_A4BB6D4C2A1D962A02_1569704253 Label:rock_boulder_a2 SpatiallyLoaded:1 Bounds:IsValid=true, Min=(X=143.490 Y=-1192.687 Z=474.161), Max=(X=6539.991 Y=5414.474 Z=6968.443) RuntimeGrid:None EditorOnly:0 RuntimeOnly:0 HLODRelevant:1 ListedInSceneOutliner:1 IsMainWorldOnly:0
 |   |   |- [+] [  1]
 |   |   |   |- Guid:0FAA07814EBCC7A2531A97BF0E2C2D78 BaseClass: NativeClass:/Script/Foliage.InstancedFoliageActor Name:InstancedFoliageActor_25600_-1_-1_0 Label:InstancedFoliageActor_-1_-1_0 SpatiallyLoaded:1 Bounds:(Editor:IsValid=true, Min=(X=-25600.000 Y=-25600.000 Z=0.000), Max=(X=0.000 Y=0.000 Z=25600.000) Runtime:IsValid=true, Min=(X=-12735.612 Y=-12819.690 Z=-590.376), Max=(X=538.872 Y=922.692 Z=2258.418)) RuntimeGrid:None EditorOnly:0 RuntimeOnly:0 HLODRelevant:1 ListedInSceneOutliner:1 IsMainWorldOnly:0
 |   |   |- [+] [  2]
 |   |   |   |- Guid:150F2ED846439CBF0CD43E9CB0486F1A BaseClass: NativeClass:/Script/Landscape.LandscapeStreamingProxy Name:LandscapeStreamingProxy_23TH76RZTS2N02EQB1LREWK7Z_126_1_0_0 Label:LandscapeStreamingProxy_1_0_0 SpatiallyLoaded:1 Bounds:IsValid=true, Min=(X=0.000 Y=-12600.000 Z=310.938), Max=(X=12600.000 Y=0.000 Z=8324.219) RuntimeGrid:None EditorOnly:0 RuntimeOnly:0 HLODRelevant:1 ListedInSceneOutliner:1 IsMainWorldOnly:0
 |   |   |- [+] [  3]
 |   |   |   |- Guid:1538A3D44660DAF50571E3BDE045AE70 BaseClass: NativeClass:/Script/Foliage.InstancedFoliageActor Name:InstancedFoliageActor_25600_-1_0_-1 Label:InstancedFoliageActor_-1_0_-1 SpatiallyLoaded:1 Bounds:(Editor:IsValid=true, Min=(X=-25600.000 Y=0.000 Z=-25600.000), Max=(X=0.000 Y=25600.000 Z=0.000) Runtime:IsValid=true, Min=(X=-7954.580 Y=-162.266 Z=-848.719), Max=(X=-1039.605 Y=12743.875 Z=1255.139)) RuntimeGrid:None EditorOnly:0 RuntimeOnly:0 HLODRelevant:1 ListedInSceneOutliner:1 IsMainWorldOnly:0
 |   |   |- [+] [  4]
 |   |   |   |- Guid:1FBD086D459A90582509F6B1C623E6C8 BaseClass: NativeClass:/Script/Foliage.InstancedFoliageActor Name:InstancedFoliageActor_25600_0_-1_0 Label:InstancedFoliageActor_0_-1_0 SpatiallyLoaded:1 Bounds:(Editor:IsValid=true, Min=(X=0.000 Y=-25600.000 Z=0.000), Max=(X=25600.000 Y=0.000 Z=25600.000) Runtime:IsValid=true, Min=(X=-882.913 Y=-12779.700 Z=365.050), Max=(X=12522.649 Y=251.487 Z=8293.122)) RuntimeGrid:None EditorOnly:0 RuntimeOnly:0 HLODRelevant:1 ListedInSceneOutliner:1 IsMainWorldOnly:0
 |   |   |- [+] [  5]
 |   |   |   |- Guid:2FB58999456391D349DC0F86DAC136ED BaseClass: NativeClass:/Script/Engine.SkyLight Name:SkyLight_1 Label:SkyLight SpatiallyLoaded:0 Bounds:IsValid=true, Min=(X=0.000 Y=0.000 Z=690.000), Max=(X=0.000 Y=0.000 Z=690.000) RuntimeGrid:None EditorOnly:0 RuntimeOnly:0 HLODRelevant:0 ListedInSceneOutliner:1 IsMainWorldOnly:0 FolderPath:Lighting FolderGuid:963EC3EB4002CCE9759E2EBA541A873A
 |   |   |- [+] [  6]
 |   |   |   |- Guid:316CF2A6494ACA4C0E4180A87D36AB8F BaseClass: NativeClass:/Script/Engine.ExponentialHeightFog Name:ExponentialHeightFog_0 Label:ExponentialHeightFog SpatiallyLoaded:0 Bounds:IsValid=true, Min=(X=-5600.000 Y=-50.000 Z=-6850.000), Max=(X=-5600.000 Y=-50.000 Z=-6850.000) RuntimeGrid:None EditorOnly:0 RuntimeOnly:0 HLODRelevant:0 ListedInSceneOutliner:1 IsMainWorldOnly:0 FolderPath:Lighting FolderGuid:963EC3EB4002CCE9759E2EBA541A873A
 |   |   |- [+] [  7]
 |   |   |   |- Guid:3A00AA1C422CE54C0BDB60BAF471BFBB BaseClass: NativeClass:/Script/Engine.PlayerStart Name:PlayerStart_0 Label:PlayerStart SpatiallyLoaded:0 Bounds:IsValid=true, Min=(X=860.000 Y=1070.000 Z=0.013), Max=(X=940.000 Y=1150.000 Z=184.013) RuntimeGrid:None EditorOnly:0 RuntimeOnly:0 HLODRelevant:0 ListedInSceneOutliner:1 IsMainWorldOnly:0
 |   |   |- [+] [  8]
 |   |   |   |- Guid:4D3BE93F4146AAAC8BBE79999D96D57F BaseClass: NativeClass:/Script/Engine.VolumetricCloud Name:VolumetricCloud_0 Label:VolumetricCloud SpatiallyLoaded:0 Bounds:IsValid=true, Min=(X=0.000 Y=0.000 Z=820.000), Max=(X=0.000 Y=0.000 Z=820.000) RuntimeGrid:None EditorOnly:0 RuntimeOnly:0 HLODRelevant:0 ListedInSceneOutliner:1 IsMainWorldOnly:0 FolderPath:Lighting FolderGuid:963EC3EB4002CCE9759E2EBA541A873A
 |   |   |- [+] [  9]
 |   |   |   |- Guid:6BAF4DDD444C60371492D3919DB42C97 BaseClass: NativeClass:/Script/Engine.WorldDataLayers Name:WorldDataLayers Label:WorldDataLayers SpatiallyLoaded:0 Bounds:IsValid=true, Min=(X=0.000 Y=0.000 Z=0.000), Max=(X=0.000 Y=0.000 Z=0.000) RuntimeGrid:None EditorOnly:0 RuntimeOnly:0 HLODRelevant:0 ListedInSceneOutliner:1 IsMainWorldOnly:1
 |   |   |- [+] [ 10]
 |   |   |   |- Guid:6E190B9A46D528765971228093AB7B6D BaseClass: NativeClass:/Script/Landscape.LandscapeStreamingProxy Name:LandscapeStreamingProxy_23TH76RZTS2N02EQB1LREWK7Z_126_0_0_0 Label:LandscapeStreamingProxy_0_0_0 SpatiallyLoaded:1 Bounds:IsValid=true, Min=(X=-12600.000 Y=-12600.000 Z=-1535.156), Max=(X=0.000 Y=0.000 Z=1776.562) RuntimeGrid:None EditorOnly:0 RuntimeOnly:0 HLODRelevant:1 ListedInSceneOutliner:1 IsMainWorldOnly:0
 |   |   |- [+] [ 11]
 |   |   |   |- Guid:78308A2040804959E0EA9A9E162D98E4 BaseClass: NativeClass:/Script/Engine.StaticMeshActor Name:StaticMeshActor_UAID_A4BB6D4C2A1D962A02_1513707251 Label:rock_boulder_b3 SpatiallyLoaded:1 Bounds:IsValid=true, Min=(X=1364.225 Y=1117.642 Z=757.188), Max=(X=1630.220 Y=1340.286 Z=973.299) RuntimeGrid:None EditorOnly:0 RuntimeOnly:0 HLODRelevant:1 ListedInSceneOutliner:1 IsMainWorldOnly:0
 |   |   |- [+] [ 12]
 |   |   |   |- Guid:8F135FDD4E940A5CD25F9FA8D4BB4282 BaseClass: NativeClass:/Script/Landscape.LandscapeStreamingProxy Name:LandscapeStreamingProxy_23TH76RZTS2N02EQB1LREWK7Z_126_0_1_0 Label:LandscapeStreamingProxy_0_1_0 SpatiallyLoaded:1 Bounds:IsValid=true, Min=(X=-12600.000 Y=0.000 Z=-640.625), Max=(X=0.000 Y=12600.000 Z=3504.688) RuntimeGrid:None EditorOnly:0 RuntimeOnly:0 HLODRelevant:1 ListedInSceneOutliner:1 IsMainWorldOnly:0
 |   |   |- [+] [ 13]
 |   |   |   |- Guid:971B14914B51FDE32BA81EA8B2C79886 BaseClass: NativeClass:/Script/Engine.StaticMeshActor Name:StaticMeshActor_UAID_A4BB6D4C2A1D962A02_1569707254 Label:rock_boulder_b5 SpatiallyLoaded:1 Bounds:IsValid=true, Min=(X=-1355.716 Y=-1278.351 Z=433.589), Max=(X=4895.180 Y=5375.223 Z=6995.397) RuntimeGrid:None EditorOnly:0 RuntimeOnly:0 HLODRelevant:1 ListedInSceneOutliner:1 IsMainWorldOnly:0
 |   |   |- [+] [ 14]
 |   |   |   |- Guid:B758287A43ACBC3AF26984BA3B8E5639 BaseClass: NativeClass:/Script/Foliage.InstancedFoliageActor Name:InstancedFoliageActor_25600_0_0_0 Label:InstancedFoliageActor_0_0_0 SpatiallyLoaded:1 Bounds:(Editor:IsValid=true, Min=(X=0.000 Y=0.000 Z=0.000), Max=(X=25600.000 Y=25600.000 Z=25600.000) Runtime:IsValid=true, Min=(X=-908.565 Y=-766.495 Z=120.578), Max=(X=12096.638 Y=12760.506 Z=9050.077)) RuntimeGrid:None EditorOnly:0 RuntimeOnly:0 HLODRelevant:1 ListedInSceneOutliner:1 IsMainWorldOnly:0
 |   |   |- [+] [ 15]
 |   |   |   |- Guid:B785ED2844B84CFB91E7F39FE661CD99 BaseClass: NativeClass:/Script/Engine.DirectionalLight Name:DirectionalLight_0 Label:DirectionalLight SpatiallyLoaded:0 Bounds:Invalid RuntimeGrid:None EditorOnly:0 RuntimeOnly:0 HLODRelevant:0 ListedInSceneOutliner:1 IsMainWorldOnly:0 FolderPath:Lighting FolderGuid:963EC3EB4002CCE9759E2EBA541A873A
 |   |   |- [+] [ 16]
 |   |   |   |- Guid:C94E03E8486C123F60A9D6B29482412B BaseClass: NativeClass:/Script/Foliage.InstancedFoliageActor Name:InstancedFoliageActor_25600_-1_-1_-1 Label:InstancedFoliageActor_-1_-1_-1 SpatiallyLoaded:1 Bounds:(Editor:IsValid=true, Min=(X=-25600.000 Y=-25600.000 Z=-25600.000), Max=(X=0.000 Y=0.000 Z=0.000) Runtime:IsValid=true, Min=(X=-12756.575 Y=-12612.304 Z=-1592.610), Max=(X=-137.713 Y=796.018 Z=1279.094)) RuntimeGrid:None EditorOnly:0 RuntimeOnly:0 HLODRelevant:1 ListedInSceneOutliner:1 IsMainWorldOnly:0
 |   |   |- [+] [ 17]
 |   |   |   |- Guid:CCFF262C46EEFFDF319E7F9539CE697E BaseClass: NativeClass:/Script/Engine.SkyAtmosphere Name:SkyAtmosphere_0 Label:SkyAtmosphere SpatiallyLoaded:0 Bounds:IsValid=true, Min=(X=0.000 Y=0.000 Z=1020.000), Max=(X=0.000 Y=0.000 Z=1020.000) RuntimeGrid:None EditorOnly:0 RuntimeOnly:0 HLODRelevant:0 ListedInSceneOutliner:1 IsMainWorldOnly:0 FolderPath:Lighting FolderGuid:963EC3EB4002CCE9759E2EBA541A873A
 |   |   |- [+] [ 18]
 |   |   |   |- Guid:D0C7B6224DF25C1A4A5F10B9AD471732 BaseClass: NativeClass:/Script/Landscape.LandscapeStreamingProxy Name:LandscapeStreamingProxy_23TH76RZTS2N02EQB1LREWK7Z_126_1_1_0 Label:LandscapeStreamingProxy_1_1_0 SpatiallyLoaded:1 Bounds:IsValid=true, Min=(X=0.000 Y=0.000 Z=192.969), Max=(X=12600.000 Y=12600.000 Z=8989.844) RuntimeGrid:None EditorOnly:0 RuntimeOnly:0 HLODRelevant:1 ListedInSceneOutliner:1 IsMainWorldOnly:0
 |   |   |- [+] [ 19]
 |   |   |   |- Guid:DC5895D3434F876DBBF919A70691B5AB BaseClass: NativeClass:/Script/Landscape.Landscape Name:Landscape_UAID_A4BB6D4C2A1D942A02_2094903895 Label:Landscape SpatiallyLoaded:0 Bounds:IsValid=true, Min=(X=-12600.000 Y=-12600.000 Z=100.000), Max=(X=-12600.000 Y=-12600.000 Z=100.000) RuntimeGrid:None EditorOnly:0 RuntimeOnly:0 HLODRelevant:0 ListedInSceneOutliner:1 IsMainWorldOnly:0
 |   |   |- [+] [ 20]
 |   |   |   |- Guid:E08833E0453D7F5C74D12BB1F2667DFB BaseClass: NativeClass:/Script/Engine.StaticMeshActor Name:StaticMeshActor_UAID_A4BB6D4C2A1D972A02_1144370433 Label:Cylinder SpatiallyLoaded:1 Bounds:IsValid=true, Min=(X=-458.466 Y=2077.749 Z=377.602), Max=(X=-441.534 Y=2122.251 Z=387.123) RuntimeGrid:None EditorOnly:0 RuntimeOnly:0 HLODRelevant:1 ListedInSceneOutliner:1 IsMainWorldOnly:0
 |   |   |- [+] [ 21]
 |   |   |   |- Guid:E45365B749A0AE0CF9974CBD3D4EAE89 BaseClass: NativeClass:/Script/Engine.StaticMeshActor Name:StaticMeshActor_UAID_A4BB6D4C2A1D962A02_1544495252 Label:rock_boulder_b4 SpatiallyLoaded:1 Bounds:IsValid=true, Min=(X=-1082.314 Y=2406.999 Z=-219.522), Max=(X=1710.639 Y=4744.759 Z=2049.635) RuntimeGrid:None EditorOnly:0 RuntimeOnly:0 HLODRelevant:1 ListedInSceneOutliner:1 IsMainWorldOnly:0
 |   |   |- [+] [ 22]
 |   |   |   |- Guid:E9EC721D492892FC5E375697301D6793 BaseClass: NativeClass:/Script/Engine.StaticMeshActor Name:StaticMeshActor_UAID_A4BB6D4C2A1D962A02_1513698248 Label:rock_boulder_a SpatiallyLoaded:1 Bounds:IsValid=true, Min=(X=1364.191 Y=1120.610 Z=759.691), Max=(X=1636.383 Y=1342.114 Z=973.158) RuntimeGrid:None EditorOnly:0 RuntimeOnly:0 HLODRelevant:1 ListedInSceneOutliner:1 IsMainWorldOnly:0
 |   |   |- [+] [ 23]
 |   |   |   |- Guid:EC4E0C944CE6AC6E784BC6BB2916EA13 BaseClass: NativeClass:/Script/Engine.StaticMeshActor Name:StaticMeshActor_UAID_A4AE111137DC5EFB00_1110535423 Label:SM_SkySphere SpatiallyLoaded:0 Bounds:IsValid=true, Min=(X=-1638400.000 Y=-1638400.000 Z=-1638400.000), Max=(X=1638400.000 Y=1638400.000 Z=1638400.000) RuntimeGrid:None EditorOnly:0 RuntimeOnly:0 HLODRelevant:1 ListedInSceneOutliner:1 IsMainWorldOnly:0 FolderPath:Lighting FolderGuid:963EC3EB4002CCE9759E2EBA541A873A
 |   |   |- [+] [ 24]
 |   |   |   |- Guid:EE5885E940C6931F13E6F8BD539AC00F BaseClass: NativeClass:/Script/Engine.StaticMeshActor Name:StaticMeshActor_UAID_A4BB6D4C2A1D962A02_1569712256 Label:rock_boulder_b7 SpatiallyLoaded:1 Bounds:IsValid=true, Min=(X=144.284 Y=-1278.351 Z=433.589), Max=(X=6395.180 Y=5375.223 Z=6995.397) RuntimeGrid:None EditorOnly:0 RuntimeOnly:0 HLODRelevant:1 ListedInSceneOutliner:1 IsMainWorldOnly:0
 |   |   |- [+] [ 25]
 |   |   |   |- Guid:EF04FEB54C3A7008835ED3ABBE11DD0C BaseClass: NativeClass:/Script/Foliage.InstancedFoliageActor Name:InstancedFoliageActor_25600_-1_0_0 Label:InstancedFoliageActor_-1_0_0 SpatiallyLoaded:1 Bounds:(Editor:IsValid=true, Min=(X=-25600.000 Y=0.000 Z=0.000), Max=(X=0.000 Y=25600.000 Z=25600.000) Runtime:IsValid=true, Min=(X=-12803.472 Y=-958.460 Z=-432.155), Max=(X=577.231 Y=12763.451 Z=3714.650)) RuntimeGrid:None EditorOnly:0 RuntimeOnly:0 HLODRelevant:1 ListedInSceneOutliner:1 IsMainWorldOnly:0
 |   |   |- [+] [ 26]
 |   |   |   |- Guid:EF3FBF264A0F34BFA900C9807410FFB6 BaseClass: NativeClass:/Script/Engine.StaticMeshActor Name:StaticMeshActor_UAID_A4BB6D4C2A1D962A02_1569709255 Label:rock_boulder_b6 SpatiallyLoaded:1 Bounds:IsValid=true, Min=(X=144.284 Y=-1278.351 Z=433.589), Max=(X=6395.180 Y=5375.223 Z=6995.397) RuntimeGrid:None EditorOnly:0 RuntimeOnly:0 HLODRelevant:1 ListedInSceneOutliner:1 IsMainWorldOnly:0
 |   |   |- [+] [ 27]
 |   |   |   |- Guid:F5E3FEB3450C49844FD93DA8E083C8AD BaseClass: NativeClass:/Script/Engine.PostProcessVolume Name:PostProcessVolume_0 Label:PostProcessVolume SpatiallyLoaded:0 Bounds:IsValid=true, Min=(X=0.000 Y=0.000 Z=400.000), Max=(X=200.000 Y=200.000 Z=600.000) RuntimeGrid:None EditorOnly:0 RuntimeOnly:0 HLODRelevant:0 ListedInSceneOutliner:1 IsMainWorldOnly:0 FolderPath:Lighting FolderGuid:963EC3EB4002CCE9759E2EBA541A873A
 |   |   |- [+] [ 28]
 |   |   |   |- Guid:F802673C4BDC9CDEE602618CAF29FA71 BaseClass: NativeClass:/Script/Engine.StaticMeshActor Name:StaticMeshActor_UAID_A4BB6D4C2A1D962A02_1513704250 Label:rock_boulder_b2 SpatiallyLoaded:1 Bounds:IsValid=true, Min=(X=1364.225 Y=1117.642 Z=757.188), Max=(X=1630.220 Y=1340.286 Z=973.299) RuntimeGrid:None EditorOnly:0 RuntimeOnly:0 HLODRelevant:1 ListedInSceneOutliner:1 IsMainWorldOnly:0
 |   |   |- [+] [ 29]
 |   |   |   |- Guid:FB268AF8440786DF841E0090E02522F0 BaseClass: NativeClass:/Script/Engine.StaticMeshActor Name:StaticMeshActor_UAID_A4BB6D4C2A1D962A02_1513702249 Label:rock_boulder_b1 SpatiallyLoaded:1 Bounds:IsValid=true, Min=(X=-820.639 Y=-644.759 Z=-219.522), Max=(X=1972.314 Y=1693.001 Z=2049.635) RuntimeGrid:None EditorOnly:0 RuntimeOnly:0 HLODRelevant:1 ListedInSceneOutliner:1 IsMainWorldOnly:0
 |- ContainerInstances:
 |- [+] MainContainer:
 |   |-        ID: 00000000000000000000000000000000
 |   |-  ParentID: 00000000000000000000000000000000
 |   |-    Bounds: IsValid=false, Min=(X=0.000 Y=0.000 Z=0.000), Max=(X=0.000 Y=0.000 Z=0.000)
 |   |- Transform: 0.000000,0.000000,0.000000|0.000000,0.000000,-0.000000|1.000000,1.000000,1.000000
 |   |- Container: /Game/ThirdPerson/Maps/ThirdPersonMap
----------------------------------------------------------------------------------------------------------------
ThirdPersonMap - Persistent Level
----------------------------------------------------------------------------------------------------------------
[+] Content of ThirdPersonMap Persistent Level
 |- Always loaded Actor Count: 30 
 |- Actor Path: /Game/ThirdPerson/Maps/ThirdPersonMap.ThirdPersonMap:PersistentLevel.DirectionalLight_0
 |- Actor Package: /Game/__ExternalActors__/ThirdPerson/Maps/ThirdPersonMap/5/R1/TS5OQ5CRUWFZYL1ZQ7I416
 |- Actor Path: /Game/ThirdPerson/Maps/ThirdPersonMap.ThirdPersonMap:PersistentLevel.ExponentialHeightFog_0
 |- Actor Package: /Game/__ExternalActors__/ThirdPerson/Maps/ThirdPersonMap/6/J7/N10XDC9G27EMLS5AGZ6AVV
 |- Actor Path: /Game/ThirdPerson/Maps/ThirdPersonMap.ThirdPersonMap:PersistentLevel.InstancedFoliageActor_25600_-1_-1_-1
 |- Actor Package: /Game/__ExternalActors__/ThirdPerson/Maps/ThirdPersonMap/0/V0/IJHNE6GIO7YGKBFDE06UAJ
 |- Actor Path: /Game/ThirdPerson/Maps/ThirdPersonMap.ThirdPersonMap:PersistentLevel.InstancedFoliageActor_25600_-1_-1_0
 |- Actor Package: /Game/__ExternalActors__/ThirdPerson/Maps/ThirdPersonMap/E/02/E2BBF4FVHFI8FR3HJ3867V
 |- Actor Path: /Game/ThirdPerson/Maps/ThirdPersonMap.ThirdPersonMap:PersistentLevel.InstancedFoliageActor_25600_-1_0_-1
 |- Actor Package: /Game/__ExternalActors__/ThirdPerson/Maps/ThirdPersonMap/9/P2/VMF4ED35G7IM3GJMGADTT7
 |- Actor Path: /Game/ThirdPerson/Maps/ThirdPersonMap.ThirdPersonMap:PersistentLevel.InstancedFoliageActor_25600_-1_0_0
 |- Actor Package: /Game/__ExternalActors__/ThirdPerson/Maps/ThirdPersonMap/2/1M/HG5S9ELEETP2KN1Z2BITM8
 |- Actor Path: /Game/ThirdPerson/Maps/ThirdPersonMap.ThirdPersonMap:PersistentLevel.InstancedFoliageActor_25600_0_-1_0
 |- Actor Package: /Game/__ExternalActors__/ThirdPerson/Maps/ThirdPersonMap/B/YY/EYJPQPROZT8UAHESPFQYL6
 |- Actor Path: /Game/ThirdPerson/Maps/ThirdPersonMap.ThirdPersonMap:PersistentLevel.InstancedFoliageActor_25600_0_0_0
 |- Actor Package: /Game/__ExternalActors__/ThirdPerson/Maps/ThirdPersonMap/A/GJ/2C6NLIROC1TRGFR9B9CSAR
 |- Actor Path: /Game/ThirdPerson/Maps/ThirdPersonMap.ThirdPersonMap:PersistentLevel.Landscape_UAID_A4BB6D4C2A1D942A02_2094903895
 |- Actor Package: /Game/__ExternalActors__/ThirdPerson/Maps/ThirdPersonMap/9/SN/05C2Z9HRARY5IXG3T8740W
 |- Actor Path: /Game/ThirdPerson/Maps/ThirdPersonMap.ThirdPersonMap:PersistentLevel.LandscapeStreamingProxy_23TH76RZTS2N02EQB1LREWK7Z_126_0_0_0
 |- Actor Package: /Game/__ExternalActors__/ThirdPerson/Maps/ThirdPersonMap/F/2W/JR2RYM0CSQAVTHDIASMPIV
 |- Actor Path: /Game/ThirdPerson/Maps/ThirdPersonMap.ThirdPersonMap:PersistentLevel.LandscapeStreamingProxy_23TH76RZTS2N02EQB1LREWK7Z_126_0_1_0
 |- Actor Package: /Game/__ExternalActors__/ThirdPerson/Maps/ThirdPersonMap/3/X6/F92MEAJEZ39ZIXGMWWV0K4
 |- Actor Path: /Game/ThirdPerson/Maps/ThirdPersonMap.ThirdPersonMap:PersistentLevel.LandscapeStreamingProxy_23TH76RZTS2N02EQB1LREWK7Z_126_1_0_0
 |- Actor Package: /Game/__ExternalActors__/ThirdPerson/Maps/ThirdPersonMap/A/ME/4UDSTW1WFMIIQOPRFULH9Z
 |- Actor Path: /Game/ThirdPerson/Maps/ThirdPersonMap.ThirdPersonMap:PersistentLevel.LandscapeStreamingProxy_23TH76RZTS2N02EQB1LREWK7Z_126_1_1_0
 |- Actor Package: /Game/__ExternalActors__/ThirdPerson/Maps/ThirdPersonMap/E/8Y/HFEQSLKJMZV1UPW9G9K7ZF
 |- Actor Path: /Game/ThirdPerson/Maps/ThirdPersonMap.ThirdPersonMap:PersistentLevel.PlayerStart_0
 |- Actor Package: /Game/__ExternalActors__/ThirdPerson/Maps/ThirdPersonMap/D/DE/SWSI13675DVYIZ0N4NF7Y3
 |- Actor Path: /Game/ThirdPerson/Maps/ThirdPersonMap.ThirdPersonMap:PersistentLevel.PostProcessVolume_0
 |- Actor Package: /Game/__ExternalActors__/ThirdPerson/Maps/ThirdPersonMap/1/AZ/A7GPT109Y6ZTTJD4A7TXER
 |- Actor Path: /Game/ThirdPerson/Maps/ThirdPersonMap.ThirdPersonMap:PersistentLevel.SkyAtmosphere_0
 |- Actor Package: /Game/__ExternalActors__/ThirdPerson/Maps/ThirdPersonMap/4/LN/30UBDLYFFA5ZR7U4W4L4GG
 |- Actor Path: /Game/ThirdPerson/Maps/ThirdPersonMap.ThirdPersonMap:PersistentLevel.SkyLight_1
 |- Actor Package: /Game/__ExternalActors__/ThirdPerson/Maps/ThirdPersonMap/8/S1/DXUWD12MD3HRWVVXX076BY
 |- Actor Path: /Game/ThirdPerson/Maps/ThirdPersonMap.ThirdPersonMap:PersistentLevel.StaticMeshActor_UAID_A4AE111137DC5EFB00_1110535423
 |- Actor Package: /Game/__ExternalActors__/ThirdPerson/Maps/ThirdPersonMap/4/PN/2QISIGK5DJNQ05US8O8FXW
 |- Actor Path: /Game/ThirdPerson/Maps/ThirdPersonMap.ThirdPersonMap:PersistentLevel.StaticMeshActor_UAID_A4BB6D4C2A1D962A02_1513698248
 |- Actor Package: /Game/__ExternalActors__/ThirdPerson/Maps/ThirdPersonMap/6/TQ/DDHSZG0BGQA2VPSMAQHBSU
 |- Actor Path: /Game/ThirdPerson/Maps/ThirdPersonMap.ThirdPersonMap:PersistentLevel.StaticMeshActor_UAID_A4BB6D4C2A1D962A02_1513702249
 |- Actor Package: /Game/__ExternalActors__/ThirdPerson/Maps/ThirdPersonMap/3/VS/3QG8904OJ1OGTTH93QP82T
 |- Actor Path: /Game/ThirdPerson/Maps/ThirdPersonMap.ThirdPersonMap:PersistentLevel.StaticMeshActor_UAID_A4BB6D4C2A1D962A02_1513704250
 |- Actor Package: /Game/__ExternalActors__/ThirdPerson/Maps/ThirdPersonMap/0/JR/S2K9M46NBL3HAYTONMG54Q
 |- Actor Path: /Game/ThirdPerson/Maps/ThirdPersonMap.ThirdPersonMap:PersistentLevel.StaticMeshActor_UAID_A4BB6D4C2A1D962A02_1513707251
 |- Actor Package: /Game/__ExternalActors__/ThirdPerson/Maps/ThirdPersonMap/0/I4/9J540NOVMTH22WR8L36YZ6
 |- Actor Path: /Game/ThirdPerson/Maps/ThirdPersonMap.ThirdPersonMap:PersistentLevel.StaticMeshActor_UAID_A4BB6D4C2A1D962A02_1544495252
 |- Actor Package: /Game/__ExternalActors__/ThirdPerson/Maps/ThirdPersonMap/9/IK/0WWXW1D43NDL4586GAINQ8
 |- Actor Path: /Game/ThirdPerson/Maps/ThirdPersonMap.ThirdPersonMap:PersistentLevel.StaticMeshActor_UAID_A4BB6D4C2A1D962A02_1569704253
 |- Actor Package: /Game/__ExternalActors__/ThirdPerson/Maps/ThirdPersonMap/4/NI/DFTGI3976D3MOLQIP229P5
 |- Actor Path: /Game/ThirdPerson/Maps/ThirdPersonMap.ThirdPersonMap:PersistentLevel.StaticMeshActor_UAID_A4BB6D4C2A1D962A02_1569707254
 |- Actor Package: /Game/__ExternalActors__/ThirdPerson/Maps/ThirdPersonMap/C/Q8/9TPASN3S05YGADAB1NX536
 |- Actor Path: /Game/ThirdPerson/Maps/ThirdPersonMap.ThirdPersonMap:PersistentLevel.StaticMeshActor_UAID_A4BB6D4C2A1D962A02_1569709255
 |- Actor Package: /Game/__ExternalActors__/ThirdPerson/Maps/ThirdPersonMap/2/PR/L0Y3Q5ADXVONJAV8BDAJXA
 |- Actor Path: /Game/ThirdPerson/Maps/ThirdPersonMap.ThirdPersonMap:PersistentLevel.StaticMeshActor_UAID_A4BB6D4C2A1D962A02_1569712256
 |- Actor Package: /Game/__ExternalActors__/ThirdPerson/Maps/ThirdPersonMap/9/ML/KR7ROPP1R6I3TJZBWUAYV0
 |- Actor Path: /Game/ThirdPerson/Maps/ThirdPersonMap.ThirdPersonMap:PersistentLevel.StaticMeshActor_UAID_A4BB6D4C2A1D972A02_1144370433
 |- Actor Package: /Game/__ExternalActors__/ThirdPerson/Maps/ThirdPersonMap/D/3U/WL782QNF5I75YNOO2ZNPYO
 |- Actor Path: /Game/ThirdPerson/Maps/ThirdPersonMap.ThirdPersonMap:PersistentLevel.VolumetricCloud_0
 |- Actor Package: /Game/__ExternalActors__/ThirdPerson/Maps/ThirdPersonMap/3/EY/87SHEJN5UBEAN2K5OV1G6R
 |- Actor Path: /Game/ThirdPerson/Maps/ThirdPersonMap.ThirdPersonMap:PersistentLevel.WorldDataLayers
 |- Actor Package: /Game/__ExternalActors__/ThirdPerson/Maps/ThirdPersonMap/0/43/HYQWORMY4JDQ5X3OKZXFLC

----------------------------------------------------------------------------------------------------------------
ThirdPersonMap - Runtime Hash Set
----------------------------------------------------------------------------------------------------------------

